Tue Nov  9 20:55:53 2021       
+-----------------------------------------------------------------------------+
| NVIDIA-SMI 460.80       Driver Version: 460.80       CUDA Version: 11.2     |
|-------------------------------+----------------------+----------------------+
| GPU  Name        Persistence-M| Bus-Id        Disp.A | Volatile Uncorr. ECC |
| Fan  Temp  Perf  Pwr:Usage/Cap|         Memory-Usage | GPU-Util  Compute M. |
|                               |                      |               MIG M. |
|===============================+======================+======================|
|   0  GeForce RTX 2080    Off  | 00000000:01:00.0 Off |                  N/A |
| 49%   61C    P2   150W / 225W |   5025MiB /  7982MiB |    100%      Default |
|                               |                      |                  N/A |
+-------------------------------+----------------------+----------------------+
                                                                               
+-----------------------------------------------------------------------------+
| Processes:                                                                  |
|  GPU   GI   CI        PID   Type   Process name                  GPU Memory |
|        ID   ID                                                   Usage      |
|=============================================================================|
|    0   N/A  N/A      1202      G   /usr/lib/xorg/Xorg                 45MiB |
|    0   N/A  N/A      1833      G   /usr/lib/xorg/Xorg                 89MiB |
|    0   N/A  N/A      1999      G   /usr/bin/gnome-shell               49MiB |
|    0   N/A  N/A     31685      C   ./ethminer                       4825MiB |
+-----------------------------------------------------------------------------+
